<?xml version="1.0" encoding="UTF-8"?>
<!-- Generated by org.testng.reporters.JUnitXMLReporter -->
<testsuite hostname="LAPTOP-TJKKK52O" ignored="0" name="USER LOGIN" tests="1" failures="1" timestamp="2021-06-10T17:26:25 IST" time="19.918" errors="0">
  <testcase name="Login_Test" time="11.257" classname="com.Docker.Selenium_Docker.LoginTest">
    <failure type="java.lang.AssertionError" message="Current URL not contain &amp;apos;home.page&amp;apos;
 Actual URL : https://demo.openmrs.org/openmrs/referenceapplication/home.page expected [true] but found [false]">
      <![CDATA[java.lang.AssertionError: Current URL not contain 'home.page'
 Actual URL : https://demo.openmrs.org/openmrs/referenceapplication/home.page expected [true] but found [false]
at com.Docker.Selenium_Docker.LoginTest.Login_Test(LoginTest.java:36)
at java.util.ArrayList.forEach(ArrayList.java:1257)
... Removed 30 stack frames]]>
    </failure>
  </testcase> <!-- Login_Test -->
</testsuite> <!-- USER LOGIN -->
